     1                                  bits 32 
     2                                  
     3                                  
     4                                  global start        
     5                                  
     6                                  extern exit, fread, fopen, fclose, printf             
     7                                  import exit msvcrt.dll    
     8                                  import fread msvcrt.dll
     9                                  import fclose msvcrt.dll
    10                                  import fopen msvcrt.dll
    11                                  import printf msvcrt.dll
    12                                  
    13                                  segment data use32 class=data
    14 00000000 7200                        mod_deschidere db "r", 0
    15 00000002 257300                      format_scriere db "%s", 0
    16 00000005 00000000                    descriptor dd 0
    17 00000009 62696C657431382E74-         text db "bilet18.txt", 0
    17 00000012 787400             
    18 00000015 00<rept>                    sir times 100 db 0
    19                                  
    20                                  ; our code starts here
    21                                  segment code use32 class=code
    22                                      start:
    23                                          
    24 00000000 68[00000000]                    push dword mod_deschidere   ; deschidere cu read mode
    25 00000005 68[09000000]                    push dword text
    26 0000000A FF15[00000000]                  call [fopen]
    27 00000010 83C408                          add esp, 4*2
    28 00000013 A3[05000000]                    mov [descriptor], eax
    29                                          
    30 00000018 83F800                          cmp eax, 0
    31 0000001B 7444                            je final
    32                                          
    33 0000001D BB00000000                      mov ebx, 0
    34 00000022 8D35[16000000]                  lea esi, [sir+1]
    35                                          bucla:
    36 00000028 FF35[05000000]                      push dword[descriptor]    ; citire cu read mode
    37 0000002E 6A01                                push dword 1
    38 00000030 6A01                                push dword 1
    39 00000032 56                                  push dword esi
    40 00000033 FF15[00000000]                      call [fread]
    41 00000039 83C410                              add esp, 4*4
    42 0000003C 83F800                              cmp eax, 0
    43 0000003F 7404                                je dupa_bucla
    44 00000041 43                                  inc ebx
    45 00000042 46                                  inc esi
    46 00000043 EBE3                            jmp bucla
    47                                          dupa_bucla:
    48                                          
    49 00000045 4E                              dec esi
    50 00000046 89D9                            mov ecx, ebx
    51                                          bucla1:
    52 00000048 89CB                                mov ebx, ecx
    53 0000004A 56                                  push esi
    54 0000004B 68[02000000]                        push dword format_scriere
    55 00000050 FF15[00000000]                      call [printf]
    56 00000056 83C408                              add esp, 4*2
    57 00000059 C60600                              mov byte[esi], 0
    58 0000005C 4E                                  dec esi
    59 0000005D 89D9                                mov ecx, ebx
    60 0000005F E2E7                            loop bucla1
    61                                          
    62                                          final:
    63                                          
    64 00000061 FF35[05000000]                  push dword [descriptor]      ; inchidere fisier cu read_mode
    65 00000067 FF15[00000000]                  call [fclose]  
    66 0000006D 83C404                          add esp, 4
    67                                          
    68                                          ; exit(0)
    69 00000070 6A00                            push    dword 0      ; push the parameter for exit onto the stack
    70 00000072 FF15[00000000]                  call    [exit]       ; call exit to terminate the program
