     1                                  bits 32 
     2                                  
     3                                  
     4                                  global start        
     5                                  
     6                                  extern exit, fread, fprintf, fopen, fclose, scanf              
     7                                  import exit msvcrt.dll    
     8                                  import fread msvcrt.dll
     9                                  import fclose msvcrt.dll
    10                                  import fopen msvcrt.dll
    11                                  import fprintf msvcrt.dll
    12                                  import scanf msvcrt.dll
    13                                  
    14                                  segment data use32 class=data
    15 00000000 7200                        mod_deschidere db "r", 0
    16 00000002 6100                        mod_deschidere1 db "a", 0
    17 00000004 256400                      format_scriere db "%d", 0
    18 00000007 257300                      format_citire db "%s", 0
    19 0000000A 00000000                    descriptor dd 0
    20 0000000E 00<rept>                    text times 100 db 0
    21 00000072 00000000                    numar dd 0
    22                                  
    23                                  ; our code starts here
    24                                  segment code use32 class=code
    25                                      start:
    26 00000000 68[0E000000]                    push dword text
    27 00000005 68[07000000]                    push dword format_citire
    28 0000000A FF15[00000000]                  call [scanf]
    29 00000010 83C408                          add esp, 4*2
    30                                          
    31 00000013 68[00000000]                    push dword mod_deschidere   ; deschidere cu read mode
    32 00000018 68[0E000000]                    push dword text
    33 0000001D FF15[00000000]                  call [fopen]
    34 00000023 83C408                          add esp, 4*2
    35 00000026 A3[0A000000]                    mov [descriptor], eax
    36                                          
    37 0000002B 83F800                          cmp eax, 0
    38 0000002E 7426                            je final
    39                                          
    40 00000030 BB00000000                      mov ebx, 0
    41 00000035 BE[72000000]                    mov esi, numar
    42                                          bucla:
    43 0000003A FF35[0A000000]                      push dword[descriptor]    ; citire cu read mode
    44 00000040 6A01                                push dword 1
    45 00000042 6A01                                push dword 1
    46 00000044 56                                  push dword esi
    47 00000045 FF15[00000000]                      call [fread]
    48 0000004B 83C410                              add esp, 4*4
    49 0000004E 83F800                              cmp eax, 0
    50 00000051 7403                                je final
    51 00000053 43                                  inc ebx
    52 00000054 EBE4                            jmp bucla
    53                                          final:
    54                                          
    55 00000056 FF35[0A000000]                  push dword [descriptor]      ; inchidere fisier cu read_mode
    56 0000005C FF15[00000000]                  call [fclose]  
    57 00000062 83C404                          add esp, 4
    58                                          
    59 00000065 68[02000000]                    push dword mod_deschidere1   ; deschidere cu append mode
    60 0000006A 68[0E000000]                    push dword text
    61 0000006F FF15[00000000]                  call [fopen]
    62 00000075 83C408                          add esp, 4*2
    63 00000078 A3[0A000000]                    mov [descriptor], eax
    64                                          
    65 0000007D 53                              push ebx
    66 0000007E 68[04000000]                    push dword format_scriere     ; append numar
    67 00000083 FF35[0A000000]                  push dword[descriptor]
    68 00000089 FF15[00000000]                  call [fprintf]
    69 0000008F 83C40C                          add esp, 4*3
    70                                          
    71 00000092 FF35[0A000000]                  push dword [descriptor]      ; inchidere fisier cu append_mode
    72 00000098 FF15[00000000]                  call [fclose]  
    73 0000009E 83C404                          add esp, 4
    74                                          
    75                                          ; exit(0)
    76 000000A1 6A00                            push    dword 0      ; push the parameter for exit onto the stack
    77 000000A3 FF15[00000000]                  call    [exit]       ; call exit to terminate the program
