     1                                  bits 32 ; assembling for the 32 bits architecture
     2                                  
     3                                  ; declare the EntryPoint (a label defining the very first instruction of the program)
     4                                  global start        
     5                                  
     6                                  ; declare external functions needed by our program
     7                                  extern exit               ; tell nasm that exit exists even if we won't be defining it
     8                                  import exit msvcrt.dll    ; exit is a function that ends the calling process. It is defined in msvcrt.dll
     9                                                            ; msvcrt.dll contains exit, printf and all the other important C-runtime specific functions
    10                                  
    11                                  ; our data is declared here (the variables needed by our program)
    12                                  segment data use32 class=data
    13 00000000 BC                          b DB         10111100b ;           1011.1100 (3-> 0) = 1100
    14 00000001 2BE9                        a DW 1110100100101011b ; 1110.1001.0010.1011 (11->8) = 1001
    15                                  
    16                                  ; our code starts here
    17                                  segment code use32 class=code
    18                                      start:
    19 00000000 8025[00000000]F0                AND byte[b], 11110000b ; 1011.0000
    20 00000007 66A1[01000000]                  MOV AX, [a];
    21 0000000D 66C1E004                        SHL AX, 4
    22 00000011 66C1E80C                        SHR AX, 12;    0000.0000.1110.1001
    23 00000015 0805[00000000]                  OR [b], AL ;1011.1001
    24                                      
    25                                          ; exit(0)
    26 0000001B 6A00                            push    dword 0      ; push the parameter for exit onto the stack
    27 0000001D FF15[00000000]                  call    [exit]       ; call exit to terminate the program
