     1                                  bits 32 ; assembling for the 32 bits architecture
     2                                  
     3                                  ; declare the EntryPoint (a label defining the very first instruction of the program)
     4                                  global start        
     5                                  
     6                                  ; declare external functions needed by our program
     7                                  extern exit               ; tell nasm that exit exists even if we won't be defining it
     8                                  import exit msvcrt.dll    ; exit is a function that ends the calling process. It is defined in msvcrt.dll
     9                                                            ; msvcrt.dll contains exit, printf and all the other important C-runtime specific functions
    10                                  
    11                                  ; our data is declared here (the variables needed by our program)
    12                                  segment data use32 class=data
    13                                      ; ...
    14 00000000 05                          a DB 5
    15 00000001 04                          b DB 4
    16 00000002 02                          c DB 2
    17 00000003 00                          d DB 0
    18                                  
    19                                  ; our code starts here
    20                                  segment code use32 class=code
    21                                      start:
    22                                          ; ...
    23 00000000 A0[00000000]                    MOV AL, [a] 
    24 00000005 2A05[01000000]                  SUB AL, [b] ; AL=a-b  5-4=1
    25                                          
    26 0000000B 8A1D[02000000]                  MOV BL, [c]   
    27 00000011 2A1D[03000000]                  SUB BL, [d] ; BL=c-d  2-0=2
    28                                          
    29 00000017 00D8                            ADD AL, BL  ; AL=AL+BL 1+2=3
    30                                      
    31                                          ; exit(0)
    32 00000019 6A00                            push    dword 0      ; push the parameter for exit onto the stack
    33 0000001B FF15[00000000]                  call    [exit]       ; call exit to terminate the program
