     1                                  bits 32 ; assembling for the 32 bits architecture
     2                                  
     3                                  ; declare the EntryPoint (a label defining the very first instruction of the program)
     4                                  global start        
     5                                  
     6                                  ; declare external functions needed by our program
     7                                  extern exit, printf, scanf  
     8                                  import exit msvcrt.dll   
     9                                  import printf msvcrt.dll     
    10                                  import scanf msvcrt.dll     
    11                                  
    12                                  ; our data is declared here (the variables needed by our program)
    13                                  segment data use32 class=data
    14                                      ; ...
    15 00000000 256300                      format db "%c", 0
    16 00000003 256300                      format_citire db "%c", 0
    17                                      
    18 00000006 00<rept>                    sir times 100 db 0 
    19                                  
    20                                  ; our code starts here
    21                                  segment code use32 class=code
    22                                      start:
    23 00000000 BF[06000000]                    mov edi, sir
    24 00000005 BE[06000000]                    mov esi, sir
    25                                          bucla: 
    26 0000000A 56                                  push esi
    27 0000000B 68[03000000]                        push format_citire
    28 00000010 FF15[00000000]                      call [scanf]
    29 00000016 83C408                              add esp, 4*2
    30                                              
    31 00000019 803E20                              cmp byte[esi], ' '
    32 0000001C 7417                                je final_bucla
    33                                              
    34 0000001E 803E2C                              cmp byte[esi], ','
    35 00000021 7412                                je final_bucla
    36                                              
    37 00000023 803E2E                              cmp byte[esi], '.'
    38 00000026 740D                                je final_bucla
    39                                              
    40 00000028 803E3B                              cmp byte[esi], ';'
    41 0000002B 7408                                je final_bucla
    42                                              
    43 0000002D 803E0A                              cmp byte[esi], 10
    44 00000030 7443                                je final
    45                                              
    46 00000032 46                                  inc esi
    47 00000033 EBD5                                jmp bucla
    48                                              
    49                                              final_bucla:
    50 00000035 89F1                                mov ecx, esi
    51 00000037 29F9                                sub ecx, edi
    52                                              
    53 00000039 83F900                              cmp ecx, 0
    54 0000003C 741C                                je mai_jos1
    55                                              
    56                                              buclita:
    57 0000003E 51                                      push ecx
    58 0000003F BB00000000                              mov ebx, 0
    59 00000044 8A5C0FFF                                mov bl, [edi+ecx-1]
    60 00000048 53                                      push ebx
    61 00000049 68[00000000]                            push format
    62 0000004E FF15[00000000]                          call [printf]
    63 00000054 83C408                                  add esp, 4*2
    64 00000057 59                                      pop ecx
    65 00000058 E2E4                                loop buclita
    66                                              
    67                                              mai_jos1:
    68 0000005A BB00000000                          mov ebx, 0
    69 0000005F 8A1E                                mov bl, [esi]
    70 00000061 53                                  push ebx
    71 00000062 68[00000000]                        push format
    72 00000067 FF15[00000000]                      call [printf]
    73 0000006D 83C408                              add esp, 4*2
    74 00000070 46                                  inc esi
    75 00000071 89F7                                mov edi, esi
    76                                              
    77 00000073 EB95                            jmp bucla
    78                                          
    79                                          final:
    80 00000075 89F1                            mov ecx, esi
    81 00000077 29F9                            sub ecx, edi
    82                                          
    83 00000079 83F900                          cmp ecx, 0
    84 0000007C 741E                            je mai_jos
    85                                          
    86                                          buclita1:
    87 0000007E 51                                  push ecx
    88 0000007F BB00000000                          mov ebx, 0
    89 00000084 8A5C0FFF                            mov bl, [edi+ecx-1]
    90 00000088 53                                  push ebx
    91 00000089 68[00000000]                        push format
    92 0000008E FF15[00000000]                      call [printf]
    93 00000094 83C408                              add esp, 4*2
    94 00000097 59                                  pop ecx
    95 00000098 E2E4                            loop buclita1
    96 0000009A 89F7                            mov edi, esi
    97                                          
    98                                          mai_jos:
    99                                          
   100 0000009C 6A00                            push    dword 0      
   101 0000009E FF15[00000000]                  call    [exit]      
   102                                          
